<?xml version="1.0" encoding="utf-8" standalone="no"?>
<!--This file represents the results of running a test suite-->
<test-results name="C:\Users\jon\BuildTool\BuildTool.nunit" total="1" errors="0" failures="0" not-run="0" inconclusive="0" ignored="0" skipped="0" invalid="0" date="2011-11-06" time="14:02:43">
  <environment nunit-version="2.5.10.11092" clr-version="2.0.50727.4963" os-version="Microsoft Windows NT 6.1.7600.0" platform="Win32NT" cwd="C:\Program Files (x86)\NUnit 2.5.10\bin\net-2.0" machine-name="JON-WIN-DESKTOP" user="jon" user-domain="jon-win-desktop" />
  <culture-info current-culture="en-GB" current-uiculture="en-US" />
  <test-suite type="Project" name="C:\Users\jon\BuildTool\BuildTool.nunit" executed="True" result="Success" success="True" time="0.065" asserts="0">
    <results>
      <test-suite type="Assembly" name="C:\Users\jon\BuildTool\src\BuildTool.Tests\bin\Release\BuildTool.Tests.dll" executed="True" result="Success" success="True" time="0.049" asserts="0">
        <results>
          <test-suite type="Namespace" name="BuildTool" executed="True" result="Success" success="True" time="0.049" asserts="0">
            <results>
              <test-suite type="Namespace" name="Tests" executed="True" result="Success" success="True" time="0.048" asserts="0">
                <results>
                  <test-suite type="TestFixture" name="StandardOutTests" executed="True" result="Success" success="True" time="0.045" asserts="0">
                    <results>
                      <test-case name="BuildTool.Tests.StandardOutTests.CanWriteToConsoleUsingStandardOut" executed="True" result="Success" success="True" time="0.026" asserts="0" />
                    </results>
                  </test-suite>
                </results>
              </test-suite>
            </results>
          </test-suite>
        </results>
      </test-suite>
    </results>
  </test-suite>
</test-results>