<?xml version="1.0" encoding="utf-8" standalone="no"?>
<!--This file represents the results of running a test suite-->
<test-results name="C:\Users\jon\BuildTool\BuildTool.nunit" total="16" errors="0" failures="0" not-run="0" inconclusive="0" ignored="0" skipped="0" invalid="0" date="2011-11-20" time="15:32:22">
  <environment nunit-version="2.5.10.11092" clr-version="2.0.50727.4963" os-version="Microsoft Windows NT 6.1.7600.0" platform="Win32NT" cwd="C:\Program Files (x86)\NUnit 2.5.10\bin\net-2.0" machine-name="JON-WIN-DESKTOP" user="jon" user-domain="jon-win-desktop" />
  <culture-info current-culture="en-GB" current-uiculture="en-US" />
  <test-suite type="Project" name="C:\Users\jon\BuildTool\BuildTool.nunit" executed="True" result="Success" success="True" time="0.997" asserts="0">
    <results>
      <test-suite type="Assembly" name="C:\Users\jon\BuildTool\src\MockProcess.Tests\bin\Release\MockProcess.Tests.dll" executed="True" result="Success" success="True" time="0.981" asserts="0">
        <results>
          <test-suite type="Namespace" name="MockProcess" executed="True" result="Success" success="True" time="0.980" asserts="0">
            <results>
              <test-suite type="Namespace" name="Tests" executed="True" result="Success" success="True" time="0.980" asserts="0">
                <results>
                  <test-suite type="TestFixture" name="WhenCreatingAInInstruction" executed="True" result="Success" success="True" time="0.046" asserts="0">
                    <results>
                      <test-case name="MockProcess.Tests.WhenCreatingAInInstruction.AStandardOutInstructionIsCreated" executed="True" result="Success" success="True" time="0.029" asserts="1" />
                    </results>
                  </test-suite>
                  <test-suite type="TestFixture" name="WhenCreatingAnErrInstruction" executed="True" result="Success" success="True" time="0.014" asserts="0">
                    <results>
                      <test-case name="MockProcess.Tests.WhenCreatingAnErrInstruction.AStandardOutInstructionIsCreated" executed="True" result="Success" success="True" time="0.001" asserts="1" />
                      <test-case name="MockProcess.Tests.WhenCreatingAnErrInstruction.TheMessageIsTakenFromTheInput" executed="True" result="Success" success="True" time="0.009" asserts="1" />
                    </results>
                  </test-suite>
                  <test-suite type="TestFixture" name="WhenCreatingAnOutInstruction" executed="True" result="Success" success="True" time="0.005" asserts="0">
                    <results>
                      <test-case name="MockProcess.Tests.WhenCreatingAnOutInstruction.AStandardOutInstructionIsCreated" executed="True" result="Success" success="True" time="0.000" asserts="1" />
                      <test-case name="MockProcess.Tests.WhenCreatingAnOutInstruction.TheMessageIsTakenFromTheInput" executed="True" result="Success" success="True" time="0.001" asserts="1" />
                    </results>
                  </test-suite>
                  <test-suite type="TestFixture" name="WhenCreatingARemInstruction" executed="True" result="Success" success="True" time="0.005" asserts="0">
                    <results>
                      <test-case name="MockProcess.Tests.WhenCreatingARemInstruction.AStandardOutInstructionIsCreated" executed="True" result="Success" success="True" time="0.001" asserts="1" />
                      <test-case name="MockProcess.Tests.WhenCreatingARemInstruction.TheMessageIsTakenFromTheInput" executed="True" result="Success" success="True" time="0.001" asserts="1" />
                    </results>
                  </test-suite>
                  <test-suite type="TestFixture" name="WhenCreatingAWaitInstruction" executed="True" result="Success" success="True" time="0.013" asserts="0">
                    <results>
                      <test-case name="MockProcess.Tests.WhenCreatingAWaitInstruction.AStandardOutInstructionIsCreated" executed="True" result="Success" success="True" time="0.001" asserts="1" />
                      <test-case name="MockProcess.Tests.WhenCreatingAWaitInstruction.TheMessageIsTakenFromTheInput" executed="True" result="Success" success="True" time="0.008" asserts="1" />
                    </results>
                  </test-suite>
                  <test-suite type="TestFixture" name="WhenReadingAnEmptyStream" executed="True" result="Success" success="True" time="0.719" asserts="0">
                    <results>
                      <test-case name="MockProcess.Tests.WhenReadingAnEmptyStream.TheEnumerationEndsImmediately" executed="True" result="Success" success="True" time="0.718" asserts="1" />
                    </results>
                  </test-suite>
                  <test-suite type="TestFixture" name="WhenReadingThreeInstructionsFromTheStream" executed="True" result="Success" success="True" time="0.057" asserts="0">
                    <results>
                      <test-case name="MockProcess.Tests.WhenReadingThreeInstructionsFromTheStream.TheEnumerationEndsAfterReadingThreeInstructions" executed="True" result="Success" success="True" time="0.033" asserts="1" />
                      <test-case name="MockProcess.Tests.WhenReadingThreeInstructionsFromTheStream.TheFirstInstructionIsReturnedFirst" executed="True" result="Success" success="True" time="0.005" asserts="1" />
                      <test-case name="MockProcess.Tests.WhenReadingThreeInstructionsFromTheStream.TheSecondInstructionIsReturnedSecond" executed="True" result="Success" success="True" time="0.004" asserts="1" />
                      <test-case name="MockProcess.Tests.WhenReadingThreeInstructionsFromTheStream.TheThirdInstructionIsReturnedThird" executed="True" result="Success" success="True" time="0.004" asserts="1" />
                    </results>
                  </test-suite>
                  <test-suite type="TestFixture" name="WhenTheInstructionReaderIsConstructed" executed="True" result="Success" success="True" time="0.092" asserts="0">
                    <results>
                      <test-case name="MockProcess.Tests.WhenTheInstructionReaderIsConstructed.ANullFactoryArgumentResultInAnException" executed="True" result="Success" success="True" time="0.085" asserts="0" />
                      <test-case name="MockProcess.Tests.WhenTheInstructionReaderIsConstructed.ANullInstructionsTextArgumentResultInAnException" executed="True" result="Success" success="True" time="0.002" asserts="0" />
                    </results>
                  </test-suite>
                </results>
              </test-suite>
            </results>
          </test-suite>
        </results>
      </test-suite>
    </results>
  </test-suite>
</test-results>