<?xml version="1.0" encoding="utf-8" standalone="no"?>
<!--This file represents the results of running a test suite-->
<test-results name="C:\Users\jon\BuildTool\BuildTool.nunit" total="0" errors="0" failures="0" not-run="0" inconclusive="0" ignored="0" skipped="0" invalid="0" date="2011-10-24" time="21:15:02">
  <environment nunit-version="2.5.10.11092" clr-version="2.0.50727.4963" os-version="Microsoft Windows NT 6.1.7600.0" platform="Win32NT" cwd="C:\Program Files (x86)\NUnit 2.5.10\bin\net-2.0" machine-name="JON-WIN-DESKTOP" user="jon" user-domain="jon-win-desktop" />
  <culture-info current-culture="en-GB" current-uiculture="en-US" />
  <test-suite type="Project" name="C:\Users\jon\BuildTool\BuildTool.nunit" executed="True" result="Inconclusive" success="False" time="0.000" asserts="0">
    <results>
      <test-suite type="Assembly" name="C:\Users\jon\BuildTool\src\BuildTool.Tests\bin\Release\BuildTool.Tests.dll" executed="True" result="Inconclusive" success="False" time="0.000" asserts="0" />
    </results>
  </test-suite>
</test-results>